GET /js/vendor/bootstrap.min.jsGET /article/1GET /js/vendor/jquery.jpanelmenu.min.jsGET /js/vendor/modernizr.custom.32229-2.8-respondjs-1-4-2.jsGET /js/vendor/bootstrap.min.jsGET /js/vendor/fastclick.min.jsGET /js/main.jsGET /css/bootstrap.min.cssGET /css/main.cssGET /css/font-awesome.min.cssGET /img/default-sidebar.jpgGET /fonts/fontawesome-webfont.ttfGET /article/1
GET /css/font-awesome.min.css
GET /js/vendor/jquery.jpanelmenu.min.js
GET /css/main.css
GET /js/vendor/bootstrap.min.js
GET /js/vendor/modernizr.custom.32229-2.8-respondjs-1-4-2.js
GET /js/vendor/fastclick.min.js
GET /js/main.js
GET /css/bootstrap.min.css
GET /fonts/fontawesome-webfont.ttf
GET /img/default-sidebar.jpg
GET /article/1
GET /js/vendor/jquery.jpanelmenu.min.js
GET /css/main.css
GET /js/vendor/bootstrap.min.js
GET /js/vendor/fastclick.min.js
GET /js/main.js
GET /css/bootstrap.min.css
GET /js/vendor/modernizr.custom.32229-2.8-respondjs-1-4-2.js
GET /css/font-awesome.min.css
GET /img/default-sidebar.jpg
GET /fonts/fontawesome-webfont.ttf
GET /article/1
GET /js/vendor/jquery.jpanelmenu.min.js
GET /css/font-awesome.min.css
GET /js/vendor/bootstrap.min.js
GET /js/vendor/fastclick.min.js
GET /js/vendor/modernizr.custom.32229-2.8-respondjs-1-4-2.js
GET /js/main.js
GET /css/bootstrap.min.css
GET /css/main.css
GET /img/default-sidebar.jpg
GET /fonts/fontawesome-webfont.ttf
GET /article/1
GET /js/vendor/modernizr.custom.32229-2.8-respondjs-1-4-2.js
GET /js/vendor/jquery.jpanelmenu.min.js
GET /css/font-awesome.min.css
GET /js/vendor/bootstrap.min.js
GET /js/vendor/fastclick.min.js
GET /js/main.js
GET /css/bootstrap.min.css
GET /css/main.css
GET /img/default-sidebar.jpg
GET /fonts/fontawesome-webfont.ttf
GET /article/1
GET /js/vendor/modernizr.custom.32229-2.8-respondjs-1-4-2.js
GET /css/font-awesome.min.css
GET /js/vendor/jquery.jpanelmenu.min.js
GET /css/main.css
GET /js/vendor/fastclick.min.js
GET /js/main.js
GET /js/vendor/bootstrap.min.js
GET /css/bootstrap.min.css
GET /fonts/fontawesome-webfont.ttf
GET /img/default-sidebar.jpg
__ Error NotFound
GET /js/vendor/modernizr.custom.32229-2.8-respondjs-1-4-2.js
GET /js/vendor/jquery.jpanelmenu.min.js
GET /css/font-awesome.min.css
GET /css/main.css
GET /js/vendor/fastclick.min.js
GET /js/vendor/bootstrap.min.js
GET /js/main.js
GET /css/bootstrap.min.css
GET /fonts/fontawesome-webfont.ttf
GET /img/default-sidebar.jpg
Error: NotFound
GET /js/vendor/jquery.jpanelmenu.min.js
GET /css/font-awesome.min.css
GET /css/main.css
GET /js/vendor/modernizr.custom.32229-2.8-respondjs-1-4-2.js
GET /js/main.js
GET /js/vendor/bootstrap.min.js
GET /js/vendor/fastclick.min.js
GET /css/bootstrap.min.css
GET /fonts/fontawesome-webfont.ttf
GET /img/default-sidebar.jpg
Error: NotFound
GET /js/vendor/jquery.jpanelmenu.min.js
GET /css/main.css
GET /js/vendor/fastclick.min.js
GET /js/vendor/bootstrap.min.js
GET /js/vendor/modernizr.custom.32229-2.8-respondjs-1-4-2.js
GET /js/main.js
GET /css/bootstrap.min.css
GET /css/font-awesome.min.css
GET /img/default-sidebar.jpg
GET /fonts/fontawesome-webfont.ttf
Error: NotFound
GET /
GET /js/vendor/jquery.jpanelmenu.min.js
GET /js/vendor/bootstrap.min.js
GET /css/main.css
GET /js/vendor/fastclick.min.js
GET /js/main.js
GET /css/bootstrap.min.css
GET /js/vendor/modernizr.custom.32229-2.8-respondjs-1-4-2.js
GET /css/font-awesome.min.css
GET /img/default-sidebar.jpg
GET /fonts/fontawesome-webfont.ttf
Error: NotFound
GET /
GET /js/vendor/modernizr.custom.32229-2.8-respondjs-1-4-2.js
GET /js/vendor/jquery.jpanelmenu.min.js
GET /css/main.css
GET /js/main.js
GET /js/vendor/bootstrap.min.js
GET /js/vendor/fastclick.min.js
GET /css/bootstrap.min.css
GET /css/font-awesome.min.css
GET /img/default-sidebar.jpg
GET /fonts/fontawesome-webfont.ttf
GET /article/1
GET /js/vendor/modernizr.custom.32229-2.8-respondjs-1-4-2.js
GET /js/vendor/jquery.jpanelmenu.min.js
GET /css/font-awesome.min.css
GET /css/main.css
GET /js/vendor/bootstrap.min.js
GET /js/main.js
GET /js/vendor/fastclick.min.js
GET /css/bootstrap.min.css
GET /fonts/fontawesome-webfont.ttf
GET /img/default-sidebar.jpg
Error: NotFound
GET /article/42
GET /js/vendor/jquery.jpanelmenu.min.js
GET /js/vendor/modernizr.custom.32229-2.8-respondjs-1-4-2.js
GET /css/main.css
GET /js/vendor/bootstrap.min.js
GET /js/main.js
GET /js/vendor/fastclick.min.js
GET /css/bootstrap.min.css
GET /css/font-awesome.min.css
GET /img/default-sidebar.jpg
GET /fonts/fontawesome-webfont.ttf
Error: NotFound
GET /article/42
GET /css/font-awesome.min.css
GET /js/vendor/modernizr.custom.32229-2.8-respondjs-1-4-2.js
GET /js/vendor/jquery.jpanelmenu.min.js
GET /css/main.css
GET /js/vendor/bootstrap.min.js
GET /js/vendor/fastclick.min.js
GET /js/main.js
GET /css/bootstrap.min.css
GET /fonts/fontawesome-webfont.ttf
GET /img/default-sidebar.jpg
